Starting playground inference...
==============================================
cuda
Loading weights: 100%|██████████| 291/291 [00:16<00:00, 17.63it/s]
Setting `pad_token_id` to `eos_token_id`:32021 for open-end generation.
[INST] You are a compiler agent that is specialized at predicting the optimal unroll factors of loops in LLVM IR format.
Now, predict the optimal unroll factor for this loop:
Input:
15:                                               ; preds = %42, %4
  %16 = load i64, ptr %5, align 8
  %17 = icmp ugt i64 %16, 0
  br i1 %17, label %18, label %43
18:                                               ; preds = %15
  %19 = load i64, ptr %5, align 8
  %20 = lshr i64 %19, 1
  store i64 %20, ptr %5, align 8
  %21 = load i64, ptr %11, align 8
  %22 = and i64 %21, 1
  %23 = icmp eq i64 %22, 0
  %30 = load i64, ptr %11, align 8
  br i1 %23, label %24, label %29

24:                                               ; preds = %18
  %25 = load i64, ptr %11, align 8
  %26 = lshr i64 %25, 1
  store i64 %26, ptr %11, align 8
  %27 = load i64, ptr %12, align 8
  %28 = lshr i64 %27, 1
  store i64 %28, ptr %12, align 8
  br label %42

29:                                               ; preds = %18
  %30 = load i64, ptr %11, align 8
  %31 = load i64, ptr %10, align 8
  %32 = xor i64 %30, %31
  %33 = lshr i64 %32, 1
  %34 = load i64, ptr %11, align 8
  %35 = load i64, ptr %10, align 8
  %36 = and i64 %34, %35
  %37 = add i64 %33, %36
  store i64 %37, ptr %11, align 8
  %38 = load i64, ptr %12, align 8
  %39 = lshr i64 %38, 1
  %40 = load i64, ptr %9, align 8
  %41 = add i64 %39, %40
  store i64 %41, ptr %12, align 8
  br label %42

42:                                               ; preds = %29, %24
  br label %15, !llvm.loop !8

    Answer with one token only: 1,2,4,8,16,32,64,128

[/INST]
4